Using pre-set license
Built from '2021.3/staging' branch; Version is '2021.3.26f1 (a16dc32e0ff2) revision 10579395'; Using compiler version '192829333'; Build Type 'Release'
OS: 'Windows 11  (10.0.22631) 64bit Core' Language: 'en' Physical Memory: 7597 MB
BatchMode: 1, IsHumanControllingUs: 0, StartBugReporterOnCrash: 0, Is64bit: 1, IsPro: 1

COMMAND LINE ARGUMENTS:
C:\Program Files\Unity\Hub\Editor\2021.3.26f1\Editor\Unity.exe
-adb2
-batchMode
-noUpm
-name
AssetImportWorker0
-projectPath
C:/Users/korol/testovoje
-logFile
Logs/AssetImportWorker0.log
-srvPort
58217
Successfully changed project path to: C:/Users/korol/testovoje
C:/Users/korol/testovoje
[UnityMemory] Configuration Parameters - Can be set up in boot.config
    "memorysetup-bucket-allocator-granularity=16"
    "memorysetup-bucket-allocator-bucket-count=8"
    "memorysetup-bucket-allocator-block-size=33554432"
    "memorysetup-bucket-allocator-block-count=8"
    "memorysetup-main-allocator-block-size=16777216"
    "memorysetup-thread-allocator-block-size=16777216"
    "memorysetup-gfx-main-allocator-block-size=16777216"
    "memorysetup-gfx-thread-allocator-block-size=16777216"
    "memorysetup-cache-allocator-block-size=4194304"
    "memorysetup-typetree-allocator-block-size=2097152"
    "memorysetup-profiler-bucket-allocator-granularity=16"
    "memorysetup-profiler-bucket-allocator-bucket-count=8"
    "memorysetup-profiler-bucket-allocator-block-size=33554432"
    "memorysetup-profiler-bucket-allocator-block-count=8"
    "memorysetup-profiler-allocator-block-size=16777216"
    "memorysetup-profiler-editor-allocator-block-size=1048576"
    "memorysetup-temp-allocator-size-main=16777216"
    "memorysetup-job-temp-allocator-block-size=2097152"
    "memorysetup-job-temp-allocator-block-size-background=1048576"
    "memorysetup-job-temp-allocator-reduction-small-platforms=262144"
    "memorysetup-temp-allocator-size-background-worker=32768"
    "memorysetup-temp-allocator-size-job-worker=262144"
    "memorysetup-temp-allocator-size-preload-manager=33554432"
    "memorysetup-temp-allocator-size-nav-mesh-worker=65536"
    "memorysetup-temp-allocator-size-audio-worker=65536"
    "memorysetup-temp-allocator-size-cloud-worker=32768"
    "memorysetup-temp-allocator-size-gi-baking-worker=262144"
    "memorysetup-temp-allocator-size-gfx=262144"
Player connection [7932] Host "[IP] 26.155.126.39 [Port] 0 [Flags] 2 [Guid] 4016697091 [EditorId] 4016697091 [Version] 1048832 [Id] WindowsEditor(7,Andrei) [Debug] 1 [PackageName] WindowsEditor [ProjectName] Editor" joined multi-casting on [225.0.0.222:54997]...

Player connection [7932] Host "[IP] 26.155.126.39 [Port] 0 [Flags] 2 [Guid] 4016697091 [EditorId] 4016697091 [Version] 1048832 [Id] WindowsEditor(7,Andrei) [Debug] 1 [PackageName] WindowsEditor [ProjectName] Editor" joined alternative multi-casting on [225.0.0.222:34997]...

Refreshing native plugins compatible for Editor in 74.90 ms, found 3 plugins.
Preloading 0 native plugins for Editor in 0.00 ms.
Initialize engine version: 2021.3.26f1 (a16dc32e0ff2)
[Subsystems] Discovering subsystems at path C:/Program Files/Unity/Hub/Editor/2021.3.26f1/Editor/Data/Resources/UnitySubsystems
[Subsystems] Discovering subsystems at path C:/Users/korol/testovoje/Assets
GfxDevice: creating device client; threaded=0; jobified=0
Direct3D:
    Version:  Direct3D 11.0 [level 11.1]
    Renderer: NVIDIA GeForce GTX 1650 (ID=0x1f9d)
    Vendor:   NVIDIA
    VRAM:     3937 MB
    Driver:   32.0.15.6614
Initialize mono
Mono path[0] = 'C:/Program Files/Unity/Hub/Editor/2021.3.26f1/Editor/Data/Managed'
Mono path[1] = 'C:/Program Files/Unity/Hub/Editor/2021.3.26f1/Editor/Data/MonoBleedingEdge/lib/mono/unityjit-win32'
Mono config path = 'C:/Program Files/Unity/Hub/Editor/2021.3.26f1/Editor/Data/MonoBleedingEdge/etc'
Using monoOptions --debugger-agent=transport=dt_socket,embedding=1,server=y,suspend=n,address=127.0.0.1:56024
Begin MonoManager ReloadAssembly
Registering precompiled unity dll's ...
Register platform support module: C:/Program Files/Unity/Hub/Editor/2021.3.26f1/Editor/Data/PlaybackEngines/WindowsStandaloneSupport/UnityEditor.WindowsStandalone.Extensions.dll
Registered in 0.004083 seconds.
Native extension for WindowsStandalone target not found
Refreshing native plugins compatible for Editor in 81.58 ms, found 3 plugins.
Preloading 0 native plugins for Editor in 0.00 ms.
Mono: successfully reloaded assembly
- Completed reload, in  0.680 seconds
Domain Reload Profiling:
	ReloadAssembly (681ms)
		BeginReloadAssembly (89ms)
			ExecutionOrderSort (0ms)
			DisableScriptedObjects (0ms)
			BackupInstance (0ms)
			ReleaseScriptingObjects (0ms)
			CreateAndSetChildDomain (1ms)
		EndReloadAssembly (484ms)
			LoadAssemblies (87ms)
			RebuildTransferFunctionScriptingTraits (0ms)
			SetupTypeCache (115ms)
			ReleaseScriptCaches (0ms)
			RebuildScriptCaches (33ms)
			SetupLoadedEditorAssemblies (285ms)
				LogAssemblyErrors (0ms)
				InitializePlatformSupportModulesInManaged (9ms)
				SetLoadedEditorAssemblies (0ms)
				RefreshPlugins (82ms)
				BeforeProcessingInitializeOnLoad (1ms)
				ProcessInitializeOnLoadAttributes (144ms)
				ProcessInitializeOnLoadMethodAttributes (48ms)
				AfterProcessingInitializeOnLoad (0ms)
				EditorAssembliesLoaded (0ms)
			ExecutionOrderSort2 (0ms)
			AwakeInstancesAfterBackupRestoration (0ms)
Platform modules already initialized, skipping
Registering precompiled user dll's ...
Registered in 0.004214 seconds.
Begin MonoManager ReloadAssembly
Symbol file LoadedFromMemory doesn't match image C:\Users\korol\testovoje\Library\PackageCache\com.unity.visualscripting@1.8.0\Editor\VisualScripting.Core\Dependencies\YamlDotNet\Unity.VisualScripting.YamlDotNet.dll
Symbol file LoadedFromMemory doesn't match image C:\Users\korol\testovoje\Library\PackageCache\com.unity.visualscripting@1.8.0\Editor\VisualScripting.Core\Dependencies\DotNetZip\Unity.VisualScripting.IonicZip.dll
Native extension for WindowsStandalone target not found
Refreshing native plugins compatible for Editor in 1.21 ms, found 3 plugins.
Preloading 0 native plugins for Editor in 0.00 ms.
Mono: successfully reloaded assembly
- Completed reload, in  5.747 seconds
Domain Reload Profiling:
	ReloadAssembly (5748ms)
		BeginReloadAssembly (144ms)
			ExecutionOrderSort (0ms)
			DisableScriptedObjects (6ms)
			BackupInstance (0ms)
			ReleaseScriptingObjects (0ms)
			CreateAndSetChildDomain (25ms)
		EndReloadAssembly (5469ms)
			LoadAssemblies (173ms)
			RebuildTransferFunctionScriptingTraits (0ms)
			SetupTypeCache (350ms)
			ReleaseScriptCaches (1ms)
			RebuildScriptCaches (54ms)
			SetupLoadedEditorAssemblies (4874ms)
				LogAssemblyErrors (0ms)
				InitializePlatformSupportModulesInManaged (6ms)
				SetLoadedEditorAssemblies (1ms)
				RefreshPlugins (1ms)
				BeforeProcessingInitializeOnLoad (84ms)
				ProcessInitializeOnLoadAttributes (4756ms)
				ProcessInitializeOnLoadMethodAttributes (21ms)
				AfterProcessingInitializeOnLoad (5ms)
				EditorAssembliesLoaded (0ms)
			ExecutionOrderSort2 (0ms)
			AwakeInstancesAfterBackupRestoration (6ms)
Platform modules already initialized, skipping
========================================================================
Worker process is ready to serve import requests
Launched and connected shader compiler UnityShaderCompiler.exe after 0.07 seconds
Refreshing native plugins compatible for Editor in 0.76 ms, found 3 plugins.
Preloading 0 native plugins for Editor in 0.00 ms.
Unloading 3062 Unused Serialized files (Serialized files now loaded: 0)
Unloading 21 unused Assets / (30.2 KB). Loaded Objects now: 3554.
Memory consumption went from 139.2 MB to 139.2 MB.
Total: 4.170500 ms (FindLiveObjects: 0.496200 ms CreateObjectMapping: 0.108500 ms MarkObjects: 3.518200 ms  DeleteObjects: 0.045600 ms)

AssetImportParameters requested are different than current active one (requested -> active):
  custom:video-decoder-ogg-theora: a1e56fd34408186e4bbccfd4996cb3dc -> 
  custom:container-muxer-webm: aa71ff27fc2769a1b78a27578f13a17b -> 
  custom:container-demuxer-webm: 4f35f7cbe854078d1ac9338744f61a02 -> 
  custom:video-encoder-webm-vp8: eb34c28f22e8b96e1ab97ce403110664 -> 
  custom:video-codec-MediaFoundation-h265: 746d11721c4dcdbdad8f713fa42b33f4 -> 
  custom:audio-encoder-webm-vorbis: bf7c407c2cedff20999df2af8eb42d56 -> 
  custom:framework-win-MediaFoundation: 216162199b28c13a410421893ffa2e32 -> 
  custom:container-demuxer-ogg: 62fdf1f143b41e24485cea50d1cbac27 -> 
  custom:video-decoder-webm-vp8: 9c59270c3fd7afecdb556c50c9e8de78 -> 
  custom:audio-decoder-ogg-vorbis: bf7c407c2cedff20999df2af8eb42d56 -> 
========================================================================
Received Import Request.
  Time since last request: 38759.401481 seconds.
  path: Assets/Demo/Low poly package/Texture/Materials/color map.mat
  artifactKey: Guid(35df1eb473d365148a89e6c482701a6b) Importer(815301076,1909f56bfc062723c751e8b465ee728b)
Start importing Assets/Demo/Low poly package/Texture/Materials/color map.mat using Guid(35df1eb473d365148a89e6c482701a6b) Importer(815301076,1909f56bfc062723c751e8b465ee728b)  -> (artifact id: '9779d8c37b9e2fde03ec11c08ae1889e') in 0.209707 seconds 
========================================================================
Received Import Request.
  Time since last request: 0.000087 seconds.
  path: Assets/Fantasy Skybox FREE/Panoramics/FS002/FS002_Day.mat
  artifactKey: Guid(9ca22510633fbfd4399f1704cd9d5c72) Importer(815301076,1909f56bfc062723c751e8b465ee728b)
Start importing Assets/Fantasy Skybox FREE/Panoramics/FS002/FS002_Day.mat using Guid(9ca22510633fbfd4399f1704cd9d5c72) Importer(815301076,1909f56bfc062723c751e8b465ee728b)  -> (artifact id: '6cd6abcd4b4c749224b9c37fc50734a4') in 0.058599 seconds 
========================================================================
Received Import Request.
  Time since last request: 0.000103 seconds.
  path: Assets/Fantasy Skybox FREE/Panoramics/FS017/FS017_Day_Sunless.mat
  artifactKey: Guid(416ee80c6a09f9b4fb43d9aa43f4a057) Importer(815301076,1909f56bfc062723c751e8b465ee728b)
Start importing Assets/Fantasy Skybox FREE/Panoramics/FS017/FS017_Day_Sunless.mat using Guid(416ee80c6a09f9b4fb43d9aa43f4a057) Importer(815301076,1909f56bfc062723c751e8b465ee728b)  -> (artifact id: '7c21e1f96c39f7e4cdfa79a9ff67a475') in 0.045625 seconds 
========================================================================
Received Import Request.
  Time since last request: 0.000040 seconds.
  path: Assets/Fantasy Skybox FREE/Panoramics/FS017/FS017_Day.mat
  artifactKey: Guid(0d5771081eb9abb43b1792b52260d914) Importer(815301076,1909f56bfc062723c751e8b465ee728b)
Start importing Assets/Fantasy Skybox FREE/Panoramics/FS017/FS017_Day.mat using Guid(0d5771081eb9abb43b1792b52260d914) Importer(815301076,1909f56bfc062723c751e8b465ee728b)  -> (artifact id: 'b1df46cf835e4fff22667670e1bf5d4b') in 0.034415 seconds 
========================================================================
Received Import Request.
  Time since last request: 671.347884 seconds.
  path: Assets/BasAssetStore/LowPolyVillage/Prefabs/Bushes
  artifactKey: Guid(6d95420458a281e48a3344ce49d4bf1f) Importer(815301076,1909f56bfc062723c751e8b465ee728b)
Start importing Assets/BasAssetStore/LowPolyVillage/Prefabs/Bushes using Guid(6d95420458a281e48a3344ce49d4bf1f) Importer(815301076,1909f56bfc062723c751e8b465ee728b)  -> (artifact id: '603e2b4188996ce5495163e60c0192b8') in 0.015514 seconds 
========================================================================
Received Import Request.
  Time since last request: 0.567443 seconds.
  path: Assets/BasAssetStore/LowPolyVillage/Prefabs/Fence
  artifactKey: Guid(fc0a3c2b183422446b287d880d0b339d) Importer(815301076,1909f56bfc062723c751e8b465ee728b)
Start importing Assets/BasAssetStore/LowPolyVillage/Prefabs/Fence using Guid(fc0a3c2b183422446b287d880d0b339d) Importer(815301076,1909f56bfc062723c751e8b465ee728b)  -> (artifact id: '0579523e45d451324a6e16d51bfaf88c') in 0.017053 seconds 
========================================================================
Received Import Request.
  Time since last request: 49.728493 seconds.
  path: Assets/Fantasy Skybox FREE/Panoramics/FS013/FS013_Sunrise.mat
  artifactKey: Guid(3a253cab252a165478338fba0f03e63a) Importer(815301076,1909f56bfc062723c751e8b465ee728b)
Start importing Assets/Fantasy Skybox FREE/Panoramics/FS013/FS013_Sunrise.mat using Guid(3a253cab252a165478338fba0f03e63a) Importer(815301076,1909f56bfc062723c751e8b465ee728b)  -> (artifact id: 'd5248302362aa2237ab6c5a4d1f37694') in 0.030896 seconds 
========================================================================
Received Import Request.
  Time since last request: 0.000026 seconds.
  path: Assets/Fantasy Skybox FREE/Panoramics/FS013/FS013_Rainy.mat
  artifactKey: Guid(8426cf3d3939a7d419671f3d5c269c0b) Importer(815301076,1909f56bfc062723c751e8b465ee728b)
Start importing Assets/Fantasy Skybox FREE/Panoramics/FS013/FS013_Rainy.mat using Guid(8426cf3d3939a7d419671f3d5c269c0b) Importer(815301076,1909f56bfc062723c751e8b465ee728b)  -> (artifact id: 'f23b10c9b6af65c11e60ba0731620792') in 0.032571 seconds 
========================================================================
Received Import Request.
  Time since last request: 0.096925 seconds.
  path: Assets/Fantasy Skybox FREE/Panoramics/FS013/FS013_Night.mat
  artifactKey: Guid(6eecb3bb77b3f7a43a504fceda3b0b5f) Importer(815301076,1909f56bfc062723c751e8b465ee728b)
Start importing Assets/Fantasy Skybox FREE/Panoramics/FS013/FS013_Night.mat using Guid(6eecb3bb77b3f7a43a504fceda3b0b5f) Importer(815301076,1909f56bfc062723c751e8b465ee728b)  -> (artifact id: '850c06ff8ba556f13e1b05282e882420') in 0.030905 seconds 
========================================================================
Received Import Request.
  Time since last request: 0.122816 seconds.
  path: Assets/Fantasy Skybox FREE/Panoramics/FS013/FS013_Day.mat
  artifactKey: Guid(8dd2f17b6e3f8174390967bc55ead836) Importer(815301076,1909f56bfc062723c751e8b465ee728b)
Start importing Assets/Fantasy Skybox FREE/Panoramics/FS013/FS013_Day.mat using Guid(8dd2f17b6e3f8174390967bc55ead836) Importer(815301076,1909f56bfc062723c751e8b465ee728b)  -> (artifact id: 'b7179bdb2d6aa94622b2f7d44461186d') in 0.034439 seconds 
========================================================================
Received Import Request.
  Time since last request: 0.251695 seconds.
  path: Assets/Fantasy Skybox FREE/Panoramics/FS003/FS003_Sunrise.mat
  artifactKey: Guid(023808db2bfa00d44929aa2176d29c76) Importer(815301076,1909f56bfc062723c751e8b465ee728b)
Start importing Assets/Fantasy Skybox FREE/Panoramics/FS003/FS003_Sunrise.mat using Guid(023808db2bfa00d44929aa2176d29c76) Importer(815301076,1909f56bfc062723c751e8b465ee728b)  -> (artifact id: 'f9f5cb3c24b05c1905fda023f24030cf') in 0.031897 seconds 
========================================================================
Received Import Request.
  Time since last request: 0.000029 seconds.
  path: Assets/Fantasy Skybox FREE/Panoramics/FS003/FS003_Rainy.mat
  artifactKey: Guid(e0a21ebc98cee4e46bbae873ec0be703) Importer(815301076,1909f56bfc062723c751e8b465ee728b)
Start importing Assets/Fantasy Skybox FREE/Panoramics/FS003/FS003_Rainy.mat using Guid(e0a21ebc98cee4e46bbae873ec0be703) Importer(815301076,1909f56bfc062723c751e8b465ee728b)  -> (artifact id: '13ae26013e82f6ddd81aa0c58ae306da') in 0.038224 seconds 
========================================================================
Received Import Request.
  Time since last request: 0.173124 seconds.
  path: Assets/Fantasy Skybox FREE/Panoramics/FS003/FS003_Night.mat
  artifactKey: Guid(80fa4f34db87aad4d93c45188b19bfd6) Importer(815301076,1909f56bfc062723c751e8b465ee728b)
Start importing Assets/Fantasy Skybox FREE/Panoramics/FS003/FS003_Night.mat using Guid(80fa4f34db87aad4d93c45188b19bfd6) Importer(815301076,1909f56bfc062723c751e8b465ee728b)  -> (artifact id: '947579c9bb740ffa52bb570c777851d0') in 0.027059 seconds 
========================================================================
Received Import Request.
  Time since last request: 0.099714 seconds.
  path: Assets/Fantasy Skybox FREE/Panoramics/FS003/FS003_Day_Sunless.mat
  artifactKey: Guid(0f1401d983cde1c49a7f687a57e62c5a) Importer(815301076,1909f56bfc062723c751e8b465ee728b)
Start importing Assets/Fantasy Skybox FREE/Panoramics/FS003/FS003_Day_Sunless.mat using Guid(0f1401d983cde1c49a7f687a57e62c5a) Importer(815301076,1909f56bfc062723c751e8b465ee728b)  -> (artifact id: '8558c7f0f2b240ca4a67bc6e3017deb5') in 0.022714 seconds 
========================================================================
Received Import Request.
  Time since last request: 268.142625 seconds.
  path: Assets/materials
  artifactKey: Guid(dbc2c1a27ce610742b82004bd0013da5) Importer(815301076,1909f56bfc062723c751e8b465ee728b)
Start importing Assets/materials using Guid(dbc2c1a27ce610742b82004bd0013da5) Importer(815301076,1909f56bfc062723c751e8b465ee728b)  -> (artifact id: '6ebedf977b8288b91587e3a06ca63ed4') in 0.021621 seconds 
========================================================================
Received Import Request.
  Time since last request: 7.406139 seconds.
  path: Assets/materials/player.mat
  artifactKey: Guid(3d06fdce60c885f458ab78af5f77e36f) Importer(815301076,1909f56bfc062723c751e8b465ee728b)
Start importing Assets/materials/player.mat using Guid(3d06fdce60c885f458ab78af5f77e36f) Importer(815301076,1909f56bfc062723c751e8b465ee728b)  -> (artifact id: 'ced9262f16d3bcf0d9a94fc79b85edc9') in 0.036022 seconds 
========================================================================
Received Import Request.
  Time since last request: 28.303687 seconds.
  path: Assets/materials/Start.mat
  artifactKey: Guid(3d06fdce60c885f458ab78af5f77e36f) Importer(815301076,1909f56bfc062723c751e8b465ee728b)
Start importing Assets/materials/Start.mat using Guid(3d06fdce60c885f458ab78af5f77e36f) Importer(815301076,1909f56bfc062723c751e8b465ee728b)  -> (artifact id: 'bf8e9f37655ae2912c0a9c8902eba898') in 0.028179 seconds 
========================================================================
Received Import Request.
  Time since last request: 6.810358 seconds.
  path: Assets/materials/Exit.mat
  artifactKey: Guid(0ce58ae6ae517d34ea8446c18113d0ad) Importer(815301076,1909f56bfc062723c751e8b465ee728b)
Start importing Assets/materials/Exit.mat using Guid(0ce58ae6ae517d34ea8446c18113d0ad) Importer(815301076,1909f56bfc062723c751e8b465ee728b)  -> (artifact id: 'b9f5115d613eefe1c4d3f789fa7b660f') in 0.033422 seconds 
========================================================================
Received Import Request.
  Time since last request: 6.750226 seconds.
  path: Assets/materials/NPC.mat
  artifactKey: Guid(c5c48a0206bd70244af793df4f7854f3) Importer(815301076,1909f56bfc062723c751e8b465ee728b)
Start importing Assets/materials/NPC.mat using Guid(c5c48a0206bd70244af793df4f7854f3) Importer(815301076,1909f56bfc062723c751e8b465ee728b)  -> (artifact id: '27fb0b8106d949fdf1b0904a7bb8b3e3') in 0.021392 seconds 
========================================================================
Received Import Request.
  Time since last request: 493.188478 seconds.
  path: Assets/materials/Exit.mat
  artifactKey: Guid(0ce58ae6ae517d34ea8446c18113d0ad) Importer(815301076,1909f56bfc062723c751e8b465ee728b)
Start importing Assets/materials/Exit.mat using Guid(0ce58ae6ae517d34ea8446c18113d0ad) Importer(815301076,1909f56bfc062723c751e8b465ee728b)  -> (artifact id: '0fddf703160a9f69719a8f0b08ef4e9a') in 0.029124 seconds 
========================================================================
Received Import Request.
  Time since last request: 0.000043 seconds.
  path: Assets/materials/Start.mat
  artifactKey: Guid(3d06fdce60c885f458ab78af5f77e36f) Importer(815301076,1909f56bfc062723c751e8b465ee728b)
Start importing Assets/materials/Start.mat using Guid(3d06fdce60c885f458ab78af5f77e36f) Importer(815301076,1909f56bfc062723c751e8b465ee728b)  -> (artifact id: '8f196a5f8e3049b70a6f2ffee66d182a') in 0.031898 seconds 
