Using pre-set license
Built from '2021.3/staging' branch; Version is '2021.3.26f1 (a16dc32e0ff2) revision 10579395'; Using compiler version '192829333'; Build Type 'Release'
OS: 'Windows 11  (10.0.22631) 64bit Core' Language: 'en' Physical Memory: 7597 MB
BatchMode: 1, IsHumanControllingUs: 0, StartBugReporterOnCrash: 0, Is64bit: 1, IsPro: 1

COMMAND LINE ARGUMENTS:
C:\Program Files\Unity\Hub\Editor\2021.3.26f1\Editor\Unity.exe
-adb2
-batchMode
-noUpm
-name
AssetImportWorker5
-projectPath
C:/Users/korol/testovoje
-logFile
Logs/AssetImportWorker5.log
-srvPort
55843
Successfully changed project path to: C:/Users/korol/testovoje
C:/Users/korol/testovoje
[UnityMemory] Configuration Parameters - Can be set up in boot.config
    "memorysetup-bucket-allocator-granularity=16"
    "memorysetup-bucket-allocator-bucket-count=8"
    "memorysetup-bucket-allocator-block-size=33554432"
    "memorysetup-bucket-allocator-block-count=8"
    "memorysetup-main-allocator-block-size=16777216"
    "memorysetup-thread-allocator-block-size=16777216"
    "memorysetup-gfx-main-allocator-block-size=16777216"
    "memorysetup-gfx-thread-allocator-block-size=16777216"
    "memorysetup-cache-allocator-block-size=4194304"
    "memorysetup-typetree-allocator-block-size=2097152"
    "memorysetup-profiler-bucket-allocator-granularity=16"
    "memorysetup-profiler-bucket-allocator-bucket-count=8"
    "memorysetup-profiler-bucket-allocator-block-size=33554432"
    "memorysetup-profiler-bucket-allocator-block-count=8"
    "memorysetup-profiler-allocator-block-size=16777216"
    "memorysetup-profiler-editor-allocator-block-size=1048576"
    "memorysetup-temp-allocator-size-main=16777216"
    "memorysetup-job-temp-allocator-block-size=2097152"
    "memorysetup-job-temp-allocator-block-size-background=1048576"
    "memorysetup-job-temp-allocator-reduction-small-platforms=262144"
    "memorysetup-temp-allocator-size-background-worker=32768"
    "memorysetup-temp-allocator-size-job-worker=262144"
    "memorysetup-temp-allocator-size-preload-manager=33554432"
    "memorysetup-temp-allocator-size-nav-mesh-worker=65536"
    "memorysetup-temp-allocator-size-audio-worker=65536"
    "memorysetup-temp-allocator-size-cloud-worker=32768"
    "memorysetup-temp-allocator-size-gi-baking-worker=262144"
    "memorysetup-temp-allocator-size-gfx=262144"
Player connection [26112] Host "[IP] 26.155.126.39 [Port] 0 [Flags] 2 [Guid] 3034805699 [EditorId] 3034805699 [Version] 1048832 [Id] WindowsEditor(7,Andrei) [Debug] 1 [PackageName] WindowsEditor [ProjectName] Editor" joined multi-casting on [225.0.0.222:54997]...

Player connection [26112] Host "[IP] 26.155.126.39 [Port] 0 [Flags] 2 [Guid] 3034805699 [EditorId] 3034805699 [Version] 1048832 [Id] WindowsEditor(7,Andrei) [Debug] 1 [PackageName] WindowsEditor [ProjectName] Editor" joined alternative multi-casting on [225.0.0.222:34997]...

Refreshing native plugins compatible for Editor in 110.18 ms, found 3 plugins.
Preloading 0 native plugins for Editor in 0.00 ms.
Initialize engine version: 2021.3.26f1 (a16dc32e0ff2)
[Subsystems] Discovering subsystems at path C:/Program Files/Unity/Hub/Editor/2021.3.26f1/Editor/Data/Resources/UnitySubsystems
[Subsystems] Discovering subsystems at path C:/Users/korol/testovoje/Assets
GfxDevice: creating device client; threaded=0; jobified=0
Direct3D:
    Version:  Direct3D 11.0 [level 11.1]
    Renderer: NVIDIA GeForce GTX 1650 (ID=0x1f9d)
    Vendor:   NVIDIA
    VRAM:     3937 MB
    Driver:   32.0.15.6614
Initialize mono
Mono path[0] = 'C:/Program Files/Unity/Hub/Editor/2021.3.26f1/Editor/Data/Managed'
Mono path[1] = 'C:/Program Files/Unity/Hub/Editor/2021.3.26f1/Editor/Data/MonoBleedingEdge/lib/mono/unityjit-win32'
Mono config path = 'C:/Program Files/Unity/Hub/Editor/2021.3.26f1/Editor/Data/MonoBleedingEdge/etc'
Using monoOptions --debugger-agent=transport=dt_socket,embedding=1,server=y,suspend=n,address=127.0.0.1:56588
Begin MonoManager ReloadAssembly
Registering precompiled unity dll's ...
Register platform support module: C:/Program Files/Unity/Hub/Editor/2021.3.26f1/Editor/Data/PlaybackEngines/WindowsStandaloneSupport/UnityEditor.WindowsStandalone.Extensions.dll
Registered in 0.006478 seconds.
Native extension for WindowsStandalone target not found
Refreshing native plugins compatible for Editor in 75.80 ms, found 3 plugins.
Preloading 0 native plugins for Editor in 0.00 ms.
Mono: successfully reloaded assembly
- Completed reload, in  0.734 seconds
Domain Reload Profiling:
	ReloadAssembly (734ms)
		BeginReloadAssembly (131ms)
			ExecutionOrderSort (0ms)
			DisableScriptedObjects (0ms)
			BackupInstance (0ms)
			ReleaseScriptingObjects (0ms)
			CreateAndSetChildDomain (1ms)
		EndReloadAssembly (499ms)
			LoadAssemblies (129ms)
			RebuildTransferFunctionScriptingTraits (0ms)
			SetupTypeCache (114ms)
			ReleaseScriptCaches (0ms)
			RebuildScriptCaches (43ms)
			SetupLoadedEditorAssemblies (287ms)
				LogAssemblyErrors (0ms)
				InitializePlatformSupportModulesInManaged (8ms)
				SetLoadedEditorAssemblies (0ms)
				RefreshPlugins (76ms)
				BeforeProcessingInitializeOnLoad (2ms)
				ProcessInitializeOnLoadAttributes (149ms)
				ProcessInitializeOnLoadMethodAttributes (52ms)
				AfterProcessingInitializeOnLoad (0ms)
				EditorAssembliesLoaded (0ms)
			ExecutionOrderSort2 (0ms)
			AwakeInstancesAfterBackupRestoration (0ms)
Platform modules already initialized, skipping
Registering precompiled user dll's ...
Registered in 0.016874 seconds.
Begin MonoManager ReloadAssembly
Symbol file LoadedFromMemory doesn't match image C:\Users\korol\testovoje\Library\PackageCache\com.unity.visualscripting@1.8.0\Editor\VisualScripting.Core\Dependencies\YamlDotNet\Unity.VisualScripting.YamlDotNet.dll
Symbol file LoadedFromMemory doesn't match image C:\Users\korol\testovoje\Library\PackageCache\com.unity.visualscripting@1.8.0\Editor\VisualScripting.Core\Dependencies\DotNetZip\Unity.VisualScripting.IonicZip.dll
Native extension for WindowsStandalone target not found
Refreshing native plugins compatible for Editor in 0.72 ms, found 3 plugins.
Preloading 0 native plugins for Editor in 0.00 ms.
Mono: successfully reloaded assembly
- Completed reload, in  1.189 seconds
Domain Reload Profiling:
	ReloadAssembly (1190ms)
		BeginReloadAssembly (145ms)
			ExecutionOrderSort (0ms)
			DisableScriptedObjects (6ms)
			BackupInstance (0ms)
			ReleaseScriptingObjects (0ms)
			CreateAndSetChildDomain (22ms)
		EndReloadAssembly (932ms)
			LoadAssemblies (134ms)
			RebuildTransferFunctionScriptingTraits (0ms)
			SetupTypeCache (292ms)
			ReleaseScriptCaches (1ms)
			RebuildScriptCaches (58ms)
			SetupLoadedEditorAssemblies (412ms)
				LogAssemblyErrors (0ms)
				InitializePlatformSupportModulesInManaged (6ms)
				SetLoadedEditorAssemblies (1ms)
				RefreshPlugins (1ms)
				BeforeProcessingInitializeOnLoad (78ms)
				ProcessInitializeOnLoadAttributes (297ms)
				ProcessInitializeOnLoadMethodAttributes (24ms)
				AfterProcessingInitializeOnLoad (6ms)
				EditorAssembliesLoaded (0ms)
			ExecutionOrderSort2 (0ms)
			AwakeInstancesAfterBackupRestoration (7ms)
Platform modules already initialized, skipping
========================================================================
Worker process is ready to serve import requests
Launched and connected shader compiler UnityShaderCompiler.exe after 0.08 seconds
Refreshing native plugins compatible for Editor in 0.88 ms, found 3 plugins.
Preloading 0 native plugins for Editor in 0.00 ms.
Unloading 3062 Unused Serialized files (Serialized files now loaded: 0)
Unloading 22 unused Assets / (57.9 KB). Loaded Objects now: 3549.
Memory consumption went from 138.9 MB to 138.8 MB.
Total: 3.665900 ms (FindLiveObjects: 0.418000 ms CreateObjectMapping: 0.102600 ms MarkObjects: 2.979300 ms  DeleteObjects: 0.163200 ms)

AssetImportParameters requested are different than current active one (requested -> active):
  custom:video-decoder-ogg-theora: a1e56fd34408186e4bbccfd4996cb3dc -> 
  custom:container-muxer-webm: aa71ff27fc2769a1b78a27578f13a17b -> 
  custom:container-demuxer-webm: 4f35f7cbe854078d1ac9338744f61a02 -> 
  custom:video-encoder-webm-vp8: eb34c28f22e8b96e1ab97ce403110664 -> 
  custom:video-codec-MediaFoundation-h265: 746d11721c4dcdbdad8f713fa42b33f4 -> 
  custom:audio-encoder-webm-vorbis: bf7c407c2cedff20999df2af8eb42d56 -> 
  custom:framework-win-MediaFoundation: 216162199b28c13a410421893ffa2e32 -> 
  custom:container-demuxer-ogg: 62fdf1f143b41e24485cea50d1cbac27 -> 
  custom:video-decoder-webm-vp8: 9c59270c3fd7afecdb556c50c9e8de78 -> 
  custom:audio-decoder-ogg-vorbis: bf7c407c2cedff20999df2af8eb42d56 -> 
========================================================================
Received Import Request.
  Time since last request: 27039.592126 seconds.
  path: Assets/Demo/Low poly package/Meshes/Fence 1.fbx
  artifactKey: Guid(03eec85d40244c044a02e0b08b19a058) Importer(815301076,1909f56bfc062723c751e8b465ee728b)
Start importing Assets/Demo/Low poly package/Meshes/Fence 1.fbx using Guid(03eec85d40244c044a02e0b08b19a058) Importer(815301076,1909f56bfc062723c751e8b465ee728b)  -> (artifact id: 'a678fb962ec291d2bd3062e60b8d83f3') in 0.370019 seconds 
========================================================================
Received Import Request.
  Time since last request: 0.000077 seconds.
  path: Assets/Demo/Low poly package/Meshes/Fence 3.fbx
  artifactKey: Guid(8059e69270901ec409f50d1181c168b2) Importer(815301076,1909f56bfc062723c751e8b465ee728b)
Start importing Assets/Demo/Low poly package/Meshes/Fence 3.fbx using Guid(8059e69270901ec409f50d1181c168b2) Importer(815301076,1909f56bfc062723c751e8b465ee728b)  -> (artifact id: '384452e2c1ecb3f14988a2e58bcff0e8') in 0.064419 seconds 
========================================================================
Received Import Request.
  Time since last request: 0.000062 seconds.
  path: Assets/Demo/Low poly package/Meshes/Fence 2.fbx
  artifactKey: Guid(0508ea79af439414aba735ea78e9c654) Importer(815301076,1909f56bfc062723c751e8b465ee728b)
Start importing Assets/Demo/Low poly package/Meshes/Fence 2.fbx using Guid(0508ea79af439414aba735ea78e9c654) Importer(815301076,1909f56bfc062723c751e8b465ee728b)  -> (artifact id: '003e0f5f8c0bebc3523e939a3d0b2872') in 0.043459 seconds 
========================================================================
Received Import Request.
  Time since last request: 389.183890 seconds.
  path: Packages/com.unity.testtools.codecoverage/package.json
  artifactKey: Guid(ba7d60725b0ec604698819352642be89) Importer(815301076,1909f56bfc062723c751e8b465ee728b)
Start importing Packages/com.unity.testtools.codecoverage/package.json using Guid(ba7d60725b0ec604698819352642be89) Importer(815301076,1909f56bfc062723c751e8b465ee728b)  -> (artifact id: '18ee6f5bb8249b29692961783c4c26c0') in 0.110138 seconds 
========================================================================
Received Import Request.
  Time since last request: 0.040213 seconds.
  path: Packages/com.unity.ide.rider/package.json
  artifactKey: Guid(66c95bb3c74257f41bae2622511dc02d) Importer(815301076,1909f56bfc062723c751e8b465ee728b)
Start importing Packages/com.unity.ide.rider/package.json using Guid(66c95bb3c74257f41bae2622511dc02d) Importer(815301076,1909f56bfc062723c751e8b465ee728b)  -> (artifact id: '46ea55fd9cff27eb13443556f55cf08c') in 0.021300 seconds 
========================================================================
Received Import Request.
  Time since last request: 0.351998 seconds.
  path: Packages/com.unity.performance.profile-analyzer/package.json
  artifactKey: Guid(478e38cbe30254f8c868840b4e2f32e1) Importer(815301076,1909f56bfc062723c751e8b465ee728b)
Start importing Packages/com.unity.performance.profile-analyzer/package.json using Guid(478e38cbe30254f8c868840b4e2f32e1) Importer(815301076,1909f56bfc062723c751e8b465ee728b)  -> (artifact id: '7704c67f382ec1bdbfc9ae25517022ba') in 0.022517 seconds 
========================================================================
Received Import Request.
  Time since last request: 60.989746 seconds.
  path: Assets/BasAssetStore/LowPolyVillage/Prefabs/Billet/Billet_02.prefab
  artifactKey: Guid(c650f48a4e81a7e408855add77a63f05) Importer(815301076,1909f56bfc062723c751e8b465ee728b)
Start importing Assets/BasAssetStore/LowPolyVillage/Prefabs/Billet/Billet_02.prefab using Guid(c650f48a4e81a7e408855add77a63f05) Importer(815301076,1909f56bfc062723c751e8b465ee728b)  -> (artifact id: '3ffea2d6d913e5c3fa0e6b4912a1a858') in 0.159334 seconds 
========================================================================
Received Import Request.
  Time since last request: 0.000054 seconds.
  path: Assets/BasAssetStore/LowPolyVillage/Prefabs/Billet/Billet_03.prefab
  artifactKey: Guid(03a4b6dd68764bf4bb8e193c2daa0e7a) Importer(815301076,1909f56bfc062723c751e8b465ee728b)
Start importing Assets/BasAssetStore/LowPolyVillage/Prefabs/Billet/Billet_03.prefab using Guid(03a4b6dd68764bf4bb8e193c2daa0e7a) Importer(815301076,1909f56bfc062723c751e8b465ee728b)  -> (artifact id: '93f603033dd928caa7de97f277f88baa') in 0.050580 seconds 
========================================================================
Received Import Request.
  Time since last request: 6.349442 seconds.
  path: Assets/BasAssetStore/LowPolyVillage/Prefabs/Bushes/Bushes_02.prefab
  artifactKey: Guid(51b8fc81aef14b14ea1b8fb1ecb2b082) Importer(815301076,1909f56bfc062723c751e8b465ee728b)
Start importing Assets/BasAssetStore/LowPolyVillage/Prefabs/Bushes/Bushes_02.prefab using Guid(51b8fc81aef14b14ea1b8fb1ecb2b082) Importer(815301076,1909f56bfc062723c751e8b465ee728b)  -> (artifact id: '2c406052570f6fa3b1a51d797c15ad98') in 0.057852 seconds 
========================================================================
Received Import Request.
  Time since last request: 0.979477 seconds.
  path: Assets/BasAssetStore/LowPolyVillage/Prefabs/Fence/Fence_Bold.prefab
  artifactKey: Guid(7e33bcda0f4c2ed489139de375e2ab3e) Importer(815301076,1909f56bfc062723c751e8b465ee728b)
Start importing Assets/BasAssetStore/LowPolyVillage/Prefabs/Fence/Fence_Bold.prefab using Guid(7e33bcda0f4c2ed489139de375e2ab3e) Importer(815301076,1909f56bfc062723c751e8b465ee728b)  -> (artifact id: '577c7e8b345fd9c9142f92be22a3ffef') in 0.066171 seconds 
========================================================================
Received Import Request.
  Time since last request: 0.000115 seconds.
  path: Assets/BasAssetStore/LowPolyVillage/Prefabs/Fence/Fence_Small.prefab
  artifactKey: Guid(3f9661d6a38ab6c42815b329dc086bf8) Importer(815301076,1909f56bfc062723c751e8b465ee728b)
Start importing Assets/BasAssetStore/LowPolyVillage/Prefabs/Fence/Fence_Small.prefab using Guid(3f9661d6a38ab6c42815b329dc086bf8) Importer(815301076,1909f56bfc062723c751e8b465ee728b)  -> (artifact id: '678a669960a5bf33be0102b2d4ae520a') in 0.051104 seconds 
========================================================================
Received Import Request.
  Time since last request: 0.913395 seconds.
  path: Assets/BasAssetStore/LowPolyVillage/Prefabs/Field/Empty_Field.prefab
  artifactKey: Guid(343d63e58c0d2c14b851888112f2b650) Importer(815301076,1909f56bfc062723c751e8b465ee728b)
Start importing Assets/BasAssetStore/LowPolyVillage/Prefabs/Field/Empty_Field.prefab using Guid(343d63e58c0d2c14b851888112f2b650) Importer(815301076,1909f56bfc062723c751e8b465ee728b)  -> (artifact id: '39ff3aad983cb4ac1112828b76e56a9e') in 0.077536 seconds 
========================================================================
Received Import Request.
  Time since last request: 0.000037 seconds.
  path: Assets/BasAssetStore/LowPolyVillage/Prefabs/Field/Sunflower_Field.prefab
  artifactKey: Guid(39522471a34a22d4db16898828703cb6) Importer(815301076,1909f56bfc062723c751e8b465ee728b)
Start importing Assets/BasAssetStore/LowPolyVillage/Prefabs/Field/Sunflower_Field.prefab using Guid(39522471a34a22d4db16898828703cb6) Importer(815301076,1909f56bfc062723c751e8b465ee728b)  -> (artifact id: '58867a25ecc37eecbe92eac9bce1d2fa') in 0.081256 seconds 
========================================================================
Received Import Request.
  Time since last request: 1.928988 seconds.
  path: Assets/BasAssetStore/LowPolyVillage/Prefabs/Flower/Flower_Purple.prefab
  artifactKey: Guid(a46a4f4def640c14e9b3d178716831e2) Importer(815301076,1909f56bfc062723c751e8b465ee728b)
Start importing Assets/BasAssetStore/LowPolyVillage/Prefabs/Flower/Flower_Purple.prefab using Guid(a46a4f4def640c14e9b3d178716831e2) Importer(815301076,1909f56bfc062723c751e8b465ee728b)  -> (artifact id: '49ad9bff3831c1cc9b26ded1642d0451') in 0.050299 seconds 
========================================================================
Received Import Request.
  Time since last request: 1.465288 seconds.
  path: Assets/BasAssetStore/LowPolyVillage/Prefabs/House/House_02.prefab
  artifactKey: Guid(def968192fd81424483a976346f52b66) Importer(815301076,1909f56bfc062723c751e8b465ee728b)
Start importing Assets/BasAssetStore/LowPolyVillage/Prefabs/House/House_02.prefab using Guid(def968192fd81424483a976346f52b66) Importer(815301076,1909f56bfc062723c751e8b465ee728b)  -> (artifact id: '0cd2b280641f6bde9cfec13f3c8570be') in 0.065081 seconds 
========================================================================
Received Import Request.
  Time since last request: 0.000120 seconds.
  path: Assets/BasAssetStore/LowPolyVillage/Prefabs/House/House_04.prefab
  artifactKey: Guid(2014f532e36a21e4fa7048bc7e4b60e8) Importer(815301076,1909f56bfc062723c751e8b465ee728b)
Start importing Assets/BasAssetStore/LowPolyVillage/Prefabs/House/House_04.prefab using Guid(2014f532e36a21e4fa7048bc7e4b60e8) Importer(815301076,1909f56bfc062723c751e8b465ee728b)  -> (artifact id: 'd1f8caabfa915732aed2f218de4b0339') in 0.129244 seconds 
========================================================================
Received Import Request.
  Time since last request: 0.000069 seconds.
  path: Assets/BasAssetStore/LowPolyVillage/Prefabs/House/House_05.prefab
  artifactKey: Guid(a0929c345d695b446b781829efd07e27) Importer(815301076,1909f56bfc062723c751e8b465ee728b)
Start importing Assets/BasAssetStore/LowPolyVillage/Prefabs/House/House_05.prefab using Guid(a0929c345d695b446b781829efd07e27) Importer(815301076,1909f56bfc062723c751e8b465ee728b)  -> (artifact id: 'fcf4ab638964353ddb4361f7cfa78ec6') in 0.075929 seconds 
Editor requested this worker to shutdown with reason: Scaling down because of idle timeout
AssetImportWorker is now disconnected from the server
Process exiting
Exiting without the bug reporter. Application will terminate with return code 0